Arguments: 
  E:\Nodejs\node.exe C:\Users\Administrator\AppData\Roaming\npm\node_modules\yarn\bin\yarn.js add reflect-metadata

PATH: 
  C:\Program Files (x86)\Common Files\Oracle\Java\javapath;C:\Python27\;C:\WINDOWS\system32;C:\WINDOWS;C:\WINDOWS\System32\Wbem;C:\WINDOWS\System32\WindowsPowerShell\v1.0\;C:\WINDOWS\System32\OpenSSH\;E:\Nodejs\;C:\ProgramData\chocolatey\bin;E:\CMake\bin;E:\Git\cmd;C:\Program Files\Intel\WiFi\bin\;C:\Program Files\Common Files\Intel\WirelessCommon\;C:\Program Files\TortoiseSVN\bin;C:\Program Files\Java\jre1.8.0_311\bin;;C:\Program Files (x86)\Tencent\微信web开发者工具\dll;C:\Users\Administrator\AppData\Local\pnpm;C:\Users\Administrator\AppData\Local\Microsoft\WindowsApps;E:\Microsoft VS Code\bin;C:\Users\Administrator\AppData\Roaming\npm;C:\Users\Administrator\AppData\Local\Programs\Fiddler;C:\Program Files\heroku\bin

Yarn version: 
  1.22.17

Node version: 
  16.13.0

Platform: 
  win32 x64

Trace: 
  Error: https://registry.yarnpkg.com/@tsd/typescript/-/typescript-4.8.4.tgz: ESOCKETTIMEDOUT
      at ClientRequest.<anonymous> (C:\Users\Administrator\AppData\Roaming\npm\node_modules\yarn\lib\cli.js:141510:19)
      at Object.onceWrapper (node:events:509:28)
      at ClientRequest.emit (node:events:390:28)
      at TLSSocket.emitRequestTimeout (node:_http_client:763:9)
      at Object.onceWrapper (node:events:509:28)
      at TLSSocket.emit (node:events:402:35)
      at TLSSocket.Socket._onTimeout (node:net:501:8)
      at listOnTimeout (node:internal/timers:557:17)
      at processTimers (node:internal/timers:500:7)

npm manifest: 
  {
    "name": "typescript-study",
    "version": "1.0.0",
    "description": "",
    "main": "index.js",
    "scripts": {
      "test": "echo \"Error: no test specified\" && exit 1"
    },
    "repository": {
      "type": "git",
      "url": "git+https://github.com/coolara/typescript-study.git"
    },
    "author": "",
    "license": "ISC",
    "bugs": {
      "url": "https://github.com/coolara/typescript-study/issues"
    },
    "homepage": "https://github.com/coolara/typescript-study#readme",
    "devDependencies": {
      "@swc/core": "^1.3.6",
      "@swc/wasm": "^1.3.6",
      "@types/node": "^18.8.3",
      "or": "^0.2.0",
      "ts-node": "^10.9.1",
      "tsd": "^0.24.1"
    }
  }

yarn manifest: 
  No manifest

Lockfile: 
  No lockfile
